[2022-06-21 00:53:18] local.ERROR: filemtime(): stat failed for C:\wamp64\www\projetos_dev\app_ecommerce\app-ecommerce-project\.env {"exception":"[object] (ErrorException(code: 0): filemtime(): stat failed for C:\\wamp64\\www\\projetos_dev\\app_ecommerce\\app-ecommerce-project\\.env at C:\\wamp64\\www\\projetos_dev\\app_ecommerce\\app-ecommerce-project\\vendor\\laravel\\framework\\src\\Illuminate\\Foundation\\Console\\ServeCommand.php:93)
[stacktrace]
#0 C:\\wamp64\\www\\projetos_dev\\app_ecommerce\\app-ecommerce-project\\vendor\\laravel\\framework\\src\\Illuminate\\Foundation\\Bootstrap\\HandleExceptions.php(257): Illuminate\\Foundation\\Bootstrap\\HandleExceptions->handleError(2, 'filemtime(): st...', 'C:\\\\wamp64\\\\www\\\\p...', 93)
#1 [internal function]: Illuminate\\Foundation\\Bootstrap\\HandleExceptions->Illuminate\\Foundation\\Bootstrap\\{closure}(2, 'filemtime(): st...', 'C:\\\\wamp64\\\\www\\\\p...', 93)
#2 C:\\wamp64\\www\\projetos_dev\\app_ecommerce\\app-ecommerce-project\\vendor\\laravel\\framework\\src\\Illuminate\\Foundation\\Console\\ServeCommand.php(93): filemtime('C:\\\\wamp64\\\\www\\\\p...')
#3 C:\\wamp64\\www\\projetos_dev\\app_ecommerce\\app-ecommerce-project\\vendor\\laravel\\framework\\src\\Illuminate\\Container\\BoundMethod.php(36): Illuminate\\Foundation\\Console\\ServeCommand->handle()
#4 C:\\wamp64\\www\\projetos_dev\\app_ecommerce\\app-ecommerce-project\\vendor\\laravel\\framework\\src\\Illuminate\\Container\\Util.php(41): Illuminate\\Container\\BoundMethod::Illuminate\\Container\\{closure}()
#5 C:\\wamp64\\www\\projetos_dev\\app_ecommerce\\app-ecommerce-project\\vendor\\laravel\\framework\\src\\Illuminate\\Container\\BoundMethod.php(93): Illuminate\\Container\\Util::unwrapIfClosure(Object(Closure))
#6 C:\\wamp64\\www\\projetos_dev\\app_ecommerce\\app-ecommerce-project\\vendor\\laravel\\framework\\src\\Illuminate\\Container\\BoundMethod.php(37): Illuminate\\Container\\BoundMethod::callBoundMethod(Object(Illuminate\\Foundation\\Application), Array, Object(Closure))
#7 C:\\wamp64\\www\\projetos_dev\\app_ecommerce\\app-ecommerce-project\\vendor\\laravel\\framework\\src\\Illuminate\\Container\\Container.php(651): Illuminate\\Container\\BoundMethod::call(Object(Illuminate\\Foundation\\Application), Array, Array, NULL)
#8 C:\\wamp64\\www\\projetos_dev\\app_ecommerce\\app-ecommerce-project\\vendor\\laravel\\framework\\src\\Illuminate\\Console\\Command.php(136): Illuminate\\Container\\Container->call(Array)
#9 C:\\wamp64\\www\\projetos_dev\\app_ecommerce\\app-ecommerce-project\\vendor\\symfony\\console\\Command\\Command.php(308): Illuminate\\Console\\Command->execute(Object(Symfony\\Component\\Console\\Input\\ArgvInput), Object(Illuminate\\Console\\OutputStyle))
#10 C:\\wamp64\\www\\projetos_dev\\app_ecommerce\\app-ecommerce-project\\vendor\\laravel\\framework\\src\\Illuminate\\Console\\Command.php(121): Symfony\\Component\\Console\\Command\\Command->run(Object(Symfony\\Component\\Console\\Input\\ArgvInput), Object(Illuminate\\Console\\OutputStyle))
#11 C:\\wamp64\\www\\projetos_dev\\app_ecommerce\\app-ecommerce-project\\vendor\\symfony\\console\\Application.php(998): Illuminate\\Console\\Command->run(Object(Symfony\\Component\\Console\\Input\\ArgvInput), Object(Symfony\\Component\\Console\\Output\\ConsoleOutput))
#12 C:\\wamp64\\www\\projetos_dev\\app_ecommerce\\app-ecommerce-project\\vendor\\symfony\\console\\Application.php(299): Symfony\\Component\\Console\\Application->doRunCommand(Object(Illuminate\\Foundation\\Console\\ServeCommand), Object(Symfony\\Component\\Console\\Input\\ArgvInput), Object(Symfony\\Component\\Console\\Output\\ConsoleOutput))
#13 C:\\wamp64\\www\\projetos_dev\\app_ecommerce\\app-ecommerce-project\\vendor\\symfony\\console\\Application.php(171): Symfony\\Component\\Console\\Application->doRun(Object(Symfony\\Component\\Console\\Input\\ArgvInput), Object(Symfony\\Component\\Console\\Output\\ConsoleOutput))
#14 C:\\wamp64\\www\\projetos_dev\\app_ecommerce\\app-ecommerce-project\\vendor\\laravel\\framework\\src\\Illuminate\\Console\\Application.php(102): Symfony\\Component\\Console\\Application->run(Object(Symfony\\Component\\Console\\Input\\ArgvInput), Object(Symfony\\Component\\Console\\Output\\ConsoleOutput))
#15 C:\\wamp64\\www\\projetos_dev\\app_ecommerce\\app-ecommerce-project\\vendor\\laravel\\framework\\src\\Illuminate\\Foundation\\Console\\Kernel.php(129): Illuminate\\Console\\Application->run(Object(Symfony\\Component\\Console\\Input\\ArgvInput), Object(Symfony\\Component\\Console\\Output\\ConsoleOutput))
#16 C:\\wamp64\\www\\projetos_dev\\app_ecommerce\\app-ecommerce-project\\artisan(37): Illuminate\\Foundation\\Console\\Kernel->handle(Object(Symfony\\Component\\Console\\Input\\ArgvInput), Object(Symfony\\Component\\Console\\Output\\ConsoleOutput))
#17 {main}
"} 
